<?xml version="1.0" encoding="UTF-8"?>
<!-- Generated by org.testng.reporters.JUnitXMLReporter -->
<testsuite ignored="0" hostname="DESKTOP-0VE5E32" failures="0" tests="5" name="Test" time="73.812" errors="0" timestamp="2022-10-06T00:47:57 IST">
  <testcase classname="test.ThreeTest" name="threeTest" time="31.781"/>
  <testcase classname="test.LoginTest" name="login" time="6.859"/>
  <testcase classname="test.LoginTest" name="login" time="4.061"/>
  <testcase classname="test.TwoTest" name="twoTest" time="6.852"/>
  <testcase classname="test.FourTest" name="fourTest" time="9.37"/>
</testsuite> <!-- Test -->
