<?xml version="1.0" encoding="UTF-8"?>
<!-- Generated by org.testng.reporters.JUnitXMLReporter -->
<testsuite ignored="0" hostname="DESKTOP-0VE5E32" failures="0" tests="5" name="Test" time="43.716" errors="0" timestamp="2022-10-04T13:49:02 IST">
  <testcase classname="test.ThreeTest" name="threeTest" time="0.008"/>
  <testcase classname="test.LoginTest" name="login" time="5.385"/>
  <testcase classname="test.LoginTest" name="login" time="5.619"/>
  <testcase classname="test.TwoTest" name="twoTest" time="0.001"/>
  <testcase classname="test.FourTest" name="fourTest" time="0.0"/>
</testsuite> <!-- Test -->
