<?xml version="1.0" encoding="UTF-8"?>
<testng-results ignored="0" total="5" passed="5" failed="0" skipped="0">
  <reporter-output>
  </reporter-output>
  <suite started-at="2022-10-04T13:48:18 IST" name="Suite" finished-at="2022-10-04T13:49:02 IST" duration-ms="43716">
    <groups>
    </groups>
    <test started-at="2022-10-04T13:48:18 IST" name="Test" finished-at="2022-10-04T13:49:02 IST" duration-ms="43716">
      <class name="test.ThreeTest">
        <test-method signature="threeTest()[pri:0, instance:test.ThreeTest@1e6a3214]" started-at="2022-10-04T13:48:18 IST" name="threeTest" finished-at="2022-10-04T13:48:18 IST" duration-ms="8" status="PASS">
          <reporter-output>
          </reporter-output>
        </test-method> <!-- threeTest -->
      </class> <!-- test.ThreeTest -->
      <class name="test.LoginTest">
        <test-method is-config="true" signature="openApplication()[pri:0, instance:test.LoginTest@26d9b808]" started-at="2022-10-04T13:48:18 IST" name="openApplication" finished-at="2022-10-04T13:48:43 IST" duration-ms="24448" status="PASS">
          <reporter-output>
          </reporter-output>
        </test-method> <!-- openApplication -->
        <test-method signature="login(java.lang.String,java.lang.String,java.lang.String)[pri:0, instance:test.LoginTest@26d9b808]" started-at="2022-10-04T13:48:43 IST" name="login" data-provider="getLoginData" finished-at="2022-10-04T13:48:48 IST" duration-ms="5385" status="PASS">
          <params>
            <param index="0">
              <value>
                <![CDATA[kundansinghreddy@gmail.com]]>
              </value>
            </param>
            <param index="1">
              <value>
                <![CDATA[Kundan@26]]>
              </value>
            </param>
            <param index="2">
              <value>
                <![CDATA[Successfull]]>
              </value>
            </param>
          </params>
          <reporter-output>
          </reporter-output>
        </test-method> <!-- login -->
        <test-method is-config="true" signature="closerMethod()[pri:0, instance:test.LoginTest@26d9b808]" started-at="2022-10-04T13:48:48 IST" name="closerMethod" finished-at="2022-10-04T13:48:49 IST" duration-ms="551" status="PASS">
          <reporter-output>
          </reporter-output>
        </test-method> <!-- closerMethod -->
        <test-method is-config="true" signature="openApplication()[pri:0, instance:test.LoginTest@26d9b808]" started-at="2022-10-04T13:48:49 IST" name="openApplication" finished-at="2022-10-04T13:48:56 IST" duration-ms="7335" status="PASS">
          <reporter-output>
          </reporter-output>
        </test-method> <!-- openApplication -->
        <test-method signature="login(java.lang.String,java.lang.String,java.lang.String)[pri:0, instance:test.LoginTest@26d9b808]" started-at="2022-10-04T13:48:56 IST" name="login" data-provider="getLoginData" finished-at="2022-10-04T13:49:02 IST" duration-ms="5619" status="PASS">
          <params>
            <param index="0">
              <value>
                <![CDATA[kundansinghreddy@gmail.com]]>
              </value>
            </param>
            <param index="1">
              <value>
                <![CDATA[Kundan26]]>
              </value>
            </param>
            <param index="2">
              <value>
                <![CDATA[Failure]]>
              </value>
            </param>
          </params>
          <reporter-output>
          </reporter-output>
        </test-method> <!-- login -->
        <test-method is-config="true" signature="closerMethod()[pri:0, instance:test.LoginTest@26d9b808]" started-at="2022-10-04T13:49:02 IST" name="closerMethod" finished-at="2022-10-04T13:49:02 IST" duration-ms="237" status="PASS">
          <reporter-output>
          </reporter-output>
        </test-method> <!-- closerMethod -->
      </class> <!-- test.LoginTest -->
      <class name="test.FourTest">
        <test-method signature="fourTest()[pri:0, instance:test.FourTest@350aac89]" started-at="2022-10-04T13:49:02 IST" name="fourTest" finished-at="2022-10-04T13:49:02 IST" duration-ms="0" status="PASS">
          <reporter-output>
          </reporter-output>
        </test-method> <!-- fourTest -->
      </class> <!-- test.FourTest -->
      <class name="test.TwoTest">
        <test-method signature="twoTest()[pri:0, instance:test.TwoTest@75437611]" started-at="2022-10-04T13:49:02 IST" name="twoTest" finished-at="2022-10-04T13:49:02 IST" duration-ms="1" status="PASS">
          <reporter-output>
          </reporter-output>
        </test-method> <!-- twoTest -->
      </class> <!-- test.TwoTest -->
    </test> <!-- Test -->
  </suite> <!-- Suite -->
</testng-results>
